STAR version=2.7.7a
STAR compilation time,server,dir=Mon Dec 28 20:27:20 GMT 2020 :/Users/travis/build/alexdobin/travis-tests/STARcompile/source
##### Command Line:
STAR --outSAMunmapped Within --runThreadN 8 --genomeDir index --readFilesIn data/sample_sequence.fq --outFileNamePrefix ./output/alignment/sample/ --outStd Log
##### Initial USER parameters from Command Line:
outFileNamePrefix                 ./output/alignment/sample/
outStd                            Log
###### All USER parameters from Command Line:
outSAMunmapped                Within        ~RE-DEFINED
runThreadN                    8     ~RE-DEFINED
genomeDir                     index     ~RE-DEFINED
readFilesIn                   data/sample_sequence.fq        ~RE-DEFINED
outFileNamePrefix             ./output/alignment/sample/     ~RE-DEFINED
outStd                        Log     ~RE-DEFINED
##### Finished reading parameters from all sources

##### Final user re-defined parameters-----------------:
runThreadN                        8
genomeDir                         index
readFilesIn                       data/sample_sequence.fq   
outFileNamePrefix                 ./output/alignment/sample/
outStd                            Log
outSAMunmapped                    Within   

-------------------------------
##### Final effective command line:
STAR   --runThreadN 8   --genomeDir index   --readFilesIn data/sample_sequence.fq      --outFileNamePrefix ./output/alignment/sample/   --outStd Log   --outSAMunmapped Within   
----------------------------------------

Number of fastq files for each mate = 1
Finished loading and checking parameters

EXITING because of FATAL ERROR: could not open genome file index//genomeParameters.txt
SOLUTION: check that the path to genome files, specified in --genomeDir is correct and the files are present, and have user read permsissions

Feb 15 19:09:32 ...... FATAL ERROR, exiting
